[debug] [2024-01-07T00:24:39.981Z] ----------------------------------------------------------------------
[debug] [2024-01-07T00:24:39.982Z] Command:       C:\Program Files\nodejs\node.exe C:\Users\cjhes\AppData\Roaming\npm\node_modules\firebase-tools\lib\bin\firebase.js init
[debug] [2024-01-07T00:24:39.983Z] CLI Version:   13.0.2
[debug] [2024-01-07T00:24:39.983Z] Platform:      win32
[debug] [2024-01-07T00:24:39.983Z] Node Version:  v18.16.0
[debug] [2024-01-07T00:24:39.984Z] Time:          Sat Jan 06 2024 18:24:39 GMT-0600 (Central Standard Time)
[debug] [2024-01-07T00:24:39.984Z] ----------------------------------------------------------------------
[debug] 
[debug] [2024-01-07T00:24:39.990Z] > command requires scopes: ["email","openid","https://www.googleapis.com/auth/cloudplatformprojects.readonly","https://www.googleapis.com/auth/firebase","https://www.googleapis.com/auth/cloud-platform"]
[debug] [2024-01-07T00:24:39.991Z] > authorizing via signed-in user (cjhessjr@gmail.com)
[info] 
     ######## #### ########  ######## ########     ###     ######  ########
     ##        ##  ##     ## ##       ##     ##  ##   ##  ##       ##
     ######    ##  ########  ######   ########  #########  ######  ######
     ##        ##  ##    ##  ##       ##     ## ##     ##       ## ##
     ##       #### ##     ## ######## ########  ##     ##  ######  ########

You're about to initialize a Firebase project in this directory:

  C:\Users\cjhes\OneDrive\Documents\GitHub\MyPWA

[info] 
=== Project Setup
[info] 
[info] First, let's associate this project directory with a Firebase project.
[info] You can create multiple project aliases by running firebase use --add, 
[info] but for now we'll just set up a default project.
[info] 
[debug] [2024-01-07T00:25:10.107Z] >>> [apiv2][query] GET https://firebase.googleapis.com/v1beta1/projects pageSize=100
[debug] [2024-01-07T00:25:10.444Z] <<< [apiv2][status] GET https://firebase.googleapis.com/v1beta1/projects 200
[debug] [2024-01-07T00:25:10.445Z] <<< [apiv2][body] GET https://firebase.googleapis.com/v1beta1/projects [omitted]
[info] i  Using project cj-pwa (cj-pwa) 
[info] 
=== Hosting Setup
[debug] [2024-01-07T00:25:11.735Z] >>> [apiv2][query] GET https://firebase.googleapis.com/v1beta1/projects/cj-pwa [none]
[debug] [2024-01-07T00:25:11.889Z] <<< [apiv2][status] GET https://firebase.googleapis.com/v1beta1/projects/cj-pwa 200
[debug] [2024-01-07T00:25:11.890Z] <<< [apiv2][body] GET https://firebase.googleapis.com/v1beta1/projects/cj-pwa {"projectId":"cj-pwa","projectNumber":"1063394623761","displayName":"cj-pwa","name":"projects/cj-pwa","resources":{"hostingSite":"cj-pwa"},"state":"ACTIVE","etag":"1_f1678331-39cd-4e1b-8e02-d3d3e97c83c2"}
[info] 
[info] Your public directory is the folder (relative to your project directory) that
[info] will contain Hosting assets to be uploaded with firebase deploy. If you
[info] have a build process for your assets, use your build's output directory.
[info] 
[debug] [2024-01-07T00:25:43.899Z] >>> [apiv2][query] GET https://www.gstatic.com/firebasejs/releases.json [none]
[debug] [2024-01-07T00:25:44.008Z] <<< [apiv2][status] GET https://www.gstatic.com/firebasejs/releases.json 200
[debug] [2024-01-07T00:25:44.008Z] <<< [apiv2][body] GET https://www.gstatic.com/firebasejs/releases.json {"current":{"version":"10.7.1","browserURL":"https://www.gstatic.com/firebasejs/10.7.1/firebase.js","packageURL":"https://www.gstatic.com/firebasejs/10.7.1/firebase.tgz"},"live":{"version":"10.7","browserURL":"https://www.gstatic.com/firebasejs/live/10.7/firebase.js","packageURL":"https://www.gstatic.com/firebasejs/live/10.7/firebase.tgz"},"components":{"analytics":"https://www.gstatic.com/firebasejs/10.7.1/firebase-analytics.js","app":"https://www.gstatic.com/firebasejs/10.7.1/firebase-app.js","app-check":"https://www.gstatic.com/firebasejs/10.7.1/firebase-app-check.js","auth":"https://www.gstatic.com/firebasejs/10.7.1/firebase-auth.js","auth/cordova":"https://www.gstatic.com/firebasejs/10.7.1/firebase-auth/cordova.js","functions":"https://www.gstatic.com/firebasejs/10.7.1/firebase-functions.js","firestore":"https://www.gstatic.com/firebasejs/10.7.1/firebase-firestore.js","firestore/lite":"https://www.gstatic.com/firebasejs/10.7.1/firebase-firestore/lite.js","installations":"https://www.gstatic.com/firebasejs/10.7.1/firebase-installations.js","storage":"https://www.gstatic.com/firebasejs/10.7.1/firebase-storage.js","performance":"https://www.gstatic.com/firebasejs/10.7.1/firebase-performance.js","remote-config":"https://www.gstatic.com/firebasejs/10.7.1/firebase-remote-config.js","messaging":"https://www.gstatic.com/firebasejs/10.7.1/firebase-messaging.js","messaging/sw":"https://www.gstatic.com/firebasejs/10.7.1/firebase-messaging/sw.js","database":"https://www.gstatic.com/firebasejs/10.7.1/firebase-database.js","firestore.memory":"https://www.gstatic.com/firebasejs/10.7.1/firebase-firestore.memory.js"}}
[info] +  Wrote public/index.html 
[info] 
[info] i  Didn't detect a .git folder. Assuming C:\Users\cjhes\OneDrive\Documents\GitHub\MyPWA is the project root. 
[info] i  Authorizing with GitHub to upload your service account to a GitHub repository's secrets store. 
[info] 
[info] Visit this URL on this device to log in:
[info] https://github.com/login/oauth/authorize?client_id=89cf50f02ac6aaed3484&state=789499147&redirect_uri=http%3A%2F%2Flocalhost%3A9005&scope=read%3Auser%20repo%20public_repo
[info] 
[info] Waiting for authentication...
[debug] [2024-01-07T00:27:44.047Z] >>> [apiv2][query] POST https://github.com/login/oauth/access_token [none]
[debug] [2024-01-07T00:27:44.048Z] >>> [apiv2][body] POST https://github.com/login/oauth/access_token [stream]
[debug] [2024-01-07T00:27:44.323Z] <<< [apiv2][status] POST https://github.com/login/oauth/access_token 200
[debug] [2024-01-07T00:27:44.323Z] <<< [apiv2][body] POST https://github.com/login/oauth/access_token {"access_token":"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","token_type":"bearer","scope":"read:user,repo"}
[debug] [2024-01-07T00:27:44.327Z] >>> [apiv2][query] GET https://api.github.com/user [none]
[debug] [2024-01-07T00:27:44.642Z] <<< [apiv2][status] GET https://api.github.com/user 200
[debug] [2024-01-07T00:27:44.642Z] <<< [apiv2][body] GET https://api.github.com/user {"login":"cjhbh3","id":54945896,"node_id":"MDQ6VXNlcjU0OTQ1ODk2","avatar_url":"https://avatars.githubusercontent.com/u/54945896?v=4","gravatar_id":"","url":"https://api.github.com/users/cjhbh3","html_url":"https://github.com/cjhbh3","followers_url":"https://api.github.com/users/cjhbh3/followers","following_url":"https://api.github.com/users/cjhbh3/following{/other_user}","gists_url":"https://api.github.com/users/cjhbh3/gists{/gist_id}","starred_url":"https://api.github.com/users/cjhbh3/starred{/owner}{/repo}","subscriptions_url":"https://api.github.com/users/cjhbh3/subscriptions","organizations_url":"https://api.github.com/users/cjhbh3/orgs","repos_url":"https://api.github.com/users/cjhbh3/repos","events_url":"https://api.github.com/users/cjhbh3/events{/privacy}","received_events_url":"https://api.github.com/users/cjhbh3/received_events","type":"User","site_admin":false,"name":"CJ Hess","company":null,"blog":"","location":"St Louis, MO","email":null,"hireable":null,"bio":"BS in Computer Science from Lindenwood University","twitter_username":null,"public_repos":11,"public_gists":0,"followers":6,"following":9,"created_at":"2019-09-05T13:46:51Z","updated_at":"2023-10-18T16:42:58Z","private_gists":0,"total_private_repos":3,"owned_private_repos":3,"disk_usage":41461,"collaborators":0,"two_factor_authentication":true,"plan":{"name":"free","space":976562499,"collaborators":0,"private_repos":10000}}
[info] 
[info] +  Success! Logged into GitHub as cjhbh3 
[info] 
